<?xml version="1.0" encoding="UTF-8"?>
<testsuite xmlns:xsi="http://www.w3.org/2001/XMLSchema-instance" xsi:noNamespaceSchemaLocation="https://maven.apache.org/surefire/maven-surefire-plugin/xsd/surefire-test-report-3.0.xsd" version="3.0" name="TestSuite" time="31.048" tests="3" errors="0" skipped="0" failures="0">
  <properties>
    <property name="java.specification.version" value="20"/>
    <property name="sun.jnu.encoding" value="UTF-8"/>
    <property name="java.class.path" value="/Users/ravibabuadari/hht/October2022Batch/target/test-classes:/Users/ravibabuadari/hht/October2022Batch/target/classes:/Users/ravibabuadari/.m2/repository/org/testng/testng/7.8.0/testng-7.8.0.jar:/Users/ravibabuadari/.m2/repository/org/slf4j/slf4j-api/1.7.36/slf4j-api-1.7.36.jar:/Users/ravibabuadari/.m2/repository/com/beust/jcommander/1.82/jcommander-1.82.jar:/Users/ravibabuadari/.m2/repository/org/webjars/jquery/3.6.1/jquery-3.6.1.jar:/Users/ravibabuadari/.m2/repository/io/cucumber/cucumber-java/7.14.0/cucumber-java-7.14.0.jar:/Users/ravibabuadari/.m2/repository/io/cucumber/cucumber-core/7.14.0/cucumber-core-7.14.0.jar:/Users/ravibabuadari/.m2/repository/io/cucumber/cucumber-gherkin/7.14.0/cucumber-gherkin-7.14.0.jar:/Users/ravibabuadari/.m2/repository/io/cucumber/cucumber-gherkin-messages/7.14.0/cucumber-gherkin-messages-7.14.0.jar:/Users/ravibabuadari/.m2/repository/io/cucumber/gherkin/26.2.0/gherkin-26.2.0.jar:/Users/ravibabuadari/.m2/repository/io/cucumber/messages/22.0.0/messages-22.0.0.jar:/Users/ravibabuadari/.m2/repository/io/cucumber/tag-expressions/5.0.6/tag-expressions-5.0.6.jar:/Users/ravibabuadari/.m2/repository/io/cucumber/cucumber-expressions/16.1.2/cucumber-expressions-16.1.2.jar:/Users/ravibabuadari/.m2/repository/io/cucumber/datatable/7.14.0/datatable-7.14.0.jar:/Users/ravibabuadari/.m2/repository/io/cucumber/cucumber-plugin/7.14.0/cucumber-plugin-7.14.0.jar:/Users/ravibabuadari/.m2/repository/io/cucumber/docstring/7.14.0/docstring-7.14.0.jar:/Users/ravibabuadari/.m2/repository/io/cucumber/html-formatter/20.4.0/html-formatter-20.4.0.jar:/Users/ravibabuadari/.m2/repository/io/cucumber/junit-xml-formatter/0.2.0/junit-xml-formatter-0.2.0.jar:/Users/ravibabuadari/.m2/repository/io/cucumber/ci-environment/9.2.0/ci-environment-9.2.0.jar:/Users/ravibabuadari/.m2/repository/org/apiguardian/apiguardian-api/1.1.2/apiguardian-api-1.1.2.jar:/Users/ravibabuadari/.m2/repository/io/cucumber/cucumber-testng/7.14.0/cucumber-testng-7.14.0.jar:/Users/ravibabuadari/.m2/repository/org/seleniumhq/selenium/selenium-java/4.16.1/selenium-java-4.16.1.jar:/Users/ravibabuadari/.m2/repository/org/seleniumhq/selenium/selenium-api/4.16.1/selenium-api-4.16.1.jar:/Users/ravibabuadari/.m2/repository/org/seleniumhq/selenium/selenium-chrome-driver/4.16.1/selenium-chrome-driver-4.16.1.jar:/Users/ravibabuadari/.m2/repository/com/google/auto/service/auto-service-annotations/1.1.1/auto-service-annotations-1.1.1.jar:/Users/ravibabuadari/.m2/repository/org/seleniumhq/selenium/selenium-chromium-driver/4.16.1/selenium-chromium-driver-4.16.1.jar:/Users/ravibabuadari/.m2/repository/org/seleniumhq/selenium/selenium-json/4.16.1/selenium-json-4.16.1.jar:/Users/ravibabuadari/.m2/repository/org/seleniumhq/selenium/selenium-manager/4.16.1/selenium-manager-4.16.1.jar:/Users/ravibabuadari/.m2/repository/org/seleniumhq/selenium/selenium-devtools-v118/4.16.1/selenium-devtools-v118-4.16.1.jar:/Users/ravibabuadari/.m2/repository/org/seleniumhq/selenium/selenium-devtools-v119/4.16.1/selenium-devtools-v119-4.16.1.jar:/Users/ravibabuadari/.m2/repository/org/seleniumhq/selenium/selenium-devtools-v120/4.16.1/selenium-devtools-v120-4.16.1.jar:/Users/ravibabuadari/.m2/repository/org/seleniumhq/selenium/selenium-devtools-v85/4.16.1/selenium-devtools-v85-4.16.1.jar:/Users/ravibabuadari/.m2/repository/org/seleniumhq/selenium/selenium-edge-driver/4.16.1/selenium-edge-driver-4.16.1.jar:/Users/ravibabuadari/.m2/repository/org/seleniumhq/selenium/selenium-firefox-driver/4.16.1/selenium-firefox-driver-4.16.1.jar:/Users/ravibabuadari/.m2/repository/org/seleniumhq/selenium/selenium-http/4.16.1/selenium-http-4.16.1.jar:/Users/ravibabuadari/.m2/repository/dev/failsafe/failsafe/3.3.2/failsafe-3.3.2.jar:/Users/ravibabuadari/.m2/repository/org/seleniumhq/selenium/selenium-ie-driver/4.16.1/selenium-ie-driver-4.16.1.jar:/Users/ravibabuadari/.m2/repository/org/seleniumhq/selenium/selenium-remote-driver/4.16.1/selenium-remote-driver-4.16.1.jar:/Users/ravibabuadari/.m2/repository/com/google/guava/guava/32.1.2-jre/guava-32.1.2-jre.jar:/Users/ravibabuadari/.m2/repository/com/google/guava/failureaccess/1.0.1/failureaccess-1.0.1.jar:/Users/ravibabuadari/.m2/repository/com/google/guava/listenablefuture/9999.0-empty-to-avoid-conflict-with-guava/listenablefuture-9999.0-empty-to-avoid-conflict-with-guava.jar:/Users/ravibabuadari/.m2/repository/com/google/code/findbugs/jsr305/3.0.2/jsr305-3.0.2.jar:/Users/ravibabuadari/.m2/repository/org/checkerframework/checker-qual/3.33.0/checker-qual-3.33.0.jar:/Users/ravibabuadari/.m2/repository/com/google/errorprone/error_prone_annotations/2.18.0/error_prone_annotations-2.18.0.jar:/Users/ravibabuadari/.m2/repository/com/google/j2objc/j2objc-annotations/2.8/j2objc-annotations-2.8.jar:/Users/ravibabuadari/.m2/repository/io/opentelemetry/opentelemetry-api/1.28.0/opentelemetry-api-1.28.0.jar:/Users/ravibabuadari/.m2/repository/io/opentelemetry/opentelemetry-context/1.28.0/opentelemetry-context-1.28.0.jar:/Users/ravibabuadari/.m2/repository/io/opentelemetry/opentelemetry-exporter-logging/1.28.0/opentelemetry-exporter-logging-1.28.0.jar:/Users/ravibabuadari/.m2/repository/io/opentelemetry/opentelemetry-sdk-metrics/1.28.0/opentelemetry-sdk-metrics-1.28.0.jar:/Users/ravibabuadari/.m2/repository/io/opentelemetry/opentelemetry-extension-incubator/1.28.0-alpha/opentelemetry-extension-incubator-1.28.0-alpha.jar:/Users/ravibabuadari/.m2/repository/io/opentelemetry/opentelemetry-sdk-logs/1.28.0/opentelemetry-sdk-logs-1.28.0.jar:/Users/ravibabuadari/.m2/repository/io/opentelemetry/opentelemetry-sdk-common/1.28.0/opentelemetry-sdk-common-1.28.0.jar:/Users/ravibabuadari/.m2/repository/io/opentelemetry/opentelemetry-sdk-extension-autoconfigure-spi/1.28.0/opentelemetry-sdk-extension-autoconfigure-spi-1.28.0.jar:/Users/ravibabuadari/.m2/repository/io/opentelemetry/opentelemetry-sdk-extension-autoconfigure/1.28.0/opentelemetry-sdk-extension-autoconfigure-1.28.0.jar:/Users/ravibabuadari/.m2/repository/io/opentelemetry/opentelemetry-api-events/1.28.0-alpha/opentelemetry-api-events-1.28.0-alpha.jar:/Users/ravibabuadari/.m2/repository/io/opentelemetry/opentelemetry-sdk-trace/1.28.0/opentelemetry-sdk-trace-1.28.0.jar:/Users/ravibabuadari/.m2/repository/io/opentelemetry/opentelemetry-sdk/1.28.0/opentelemetry-sdk-1.28.0.jar:/Users/ravibabuadari/.m2/repository/io/opentelemetry/opentelemetry-semconv/1.28.0-alpha/opentelemetry-semconv-1.28.0-alpha.jar:/Users/ravibabuadari/.m2/repository/net/bytebuddy/byte-buddy/1.14.5/byte-buddy-1.14.5.jar:/Users/ravibabuadari/.m2/repository/org/seleniumhq/selenium/selenium-os/4.16.1/selenium-os-4.16.1.jar:/Users/ravibabuadari/.m2/repository/org/apache/commons/commons-exec/1.3/commons-exec-1.3.jar:/Users/ravibabuadari/.m2/repository/org/seleniumhq/selenium/selenium-safari-driver/4.16.1/selenium-safari-driver-4.16.1.jar:/Users/ravibabuadari/.m2/repository/org/seleniumhq/selenium/selenium-support/4.16.1/selenium-support-4.16.1.jar:/Users/ravibabuadari/.m2/repository/commons-io/commons-io/2.11.0/commons-io-2.11.0.jar:/Users/ravibabuadari/.m2/repository/com/github/javafaker/javafaker/1.0.2/javafaker-1.0.2.jar:/Users/ravibabuadari/.m2/repository/org/apache/commons/commons-lang3/3.5/commons-lang3-3.5.jar:/Users/ravibabuadari/.m2/repository/org/yaml/snakeyaml/1.23/snakeyaml-1.23-android.jar:/Users/ravibabuadari/.m2/repository/com/github/mifmif/generex/1.0.2/generex-1.0.2.jar:/Users/ravibabuadari/.m2/repository/dk/brics/automaton/automaton/1.11-8/automaton-1.11-8.jar:/Users/ravibabuadari/.m2/repository/com/aventstack/extentreports/4.1.5/extentreports-4.1.5.jar:/Users/ravibabuadari/.m2/repository/org/freemarker/freemarker/2.3.29/freemarker-2.3.29.jar:/Users/ravibabuadari/.m2/repository/org/apache/httpcomponents/httpclient/4.5.2/httpclient-4.5.2.jar:/Users/ravibabuadari/.m2/repository/org/apache/httpcomponents/httpcore/4.4.4/httpcore-4.4.4.jar:/Users/ravibabuadari/.m2/repository/commons-logging/commons-logging/1.2/commons-logging-1.2.jar:/Users/ravibabuadari/.m2/repository/commons-codec/commons-codec/1.9/commons-codec-1.9.jar:/Users/ravibabuadari/.m2/repository/org/apache/httpcomponents/httpmime/4.5.2/httpmime-4.5.2.jar:/Users/ravibabuadari/.m2/repository/com/google/code/gson/gson/2.8.6/gson-2.8.6.jar:/Users/ravibabuadari/.m2/repository/org/mongodb/mongodb-driver/3.12.0/mongodb-driver-3.12.0.jar:/Users/ravibabuadari/.m2/repository/org/mongodb/mongodb-driver-core/3.12.0/mongodb-driver-core-3.12.0.jar:/Users/ravibabuadari/.m2/repository/org/mongodb/bson/3.12.0/bson-3.12.0.jar:"/>
    <property name="java.vm.vendor" value="Oracle Corporation"/>
    <property name="sun.arch.data.model" value="64"/>
    <property name="java.vendor.url" value="https://java.oracle.com/"/>
    <property name="user.timezone" value="Europe/London"/>
    <property name="os.name" value="Mac OS X"/>
    <property name="java.vm.specification.version" value="20"/>
    <property name="sun.java.launcher" value="SUN_STANDARD"/>
    <property name="user.country" value="GB"/>
    <property name="sun.boot.library.path" value="/Library/Java/JavaVirtualMachines/jdk-20.jdk/Contents/Home/lib"/>
    <property name="sun.java.command" value="/Users/ravibabuadari/hht/October2022Batch/target/surefire/surefirebooter-20240214223527284_3.jar /Users/ravibabuadari/hht/October2022Batch/target/surefire 2024-02-14T22-35-27_222-jvmRun1 surefire-20240214223527284_1tmp surefire_0-20240214223527284_2tmp"/>
    <property name="http.nonProxyHosts" value="local|*.local|169.254/16|*.169.254/16"/>
    <property name="jdk.debug" value="release"/>
    <property name="surefire.test.class.path" value="/Users/ravibabuadari/hht/October2022Batch/target/test-classes:/Users/ravibabuadari/hht/October2022Batch/target/classes:/Users/ravibabuadari/.m2/repository/org/testng/testng/7.8.0/testng-7.8.0.jar:/Users/ravibabuadari/.m2/repository/org/slf4j/slf4j-api/1.7.36/slf4j-api-1.7.36.jar:/Users/ravibabuadari/.m2/repository/com/beust/jcommander/1.82/jcommander-1.82.jar:/Users/ravibabuadari/.m2/repository/org/webjars/jquery/3.6.1/jquery-3.6.1.jar:/Users/ravibabuadari/.m2/repository/io/cucumber/cucumber-java/7.14.0/cucumber-java-7.14.0.jar:/Users/ravibabuadari/.m2/repository/io/cucumber/cucumber-core/7.14.0/cucumber-core-7.14.0.jar:/Users/ravibabuadari/.m2/repository/io/cucumber/cucumber-gherkin/7.14.0/cucumber-gherkin-7.14.0.jar:/Users/ravibabuadari/.m2/repository/io/cucumber/cucumber-gherkin-messages/7.14.0/cucumber-gherkin-messages-7.14.0.jar:/Users/ravibabuadari/.m2/repository/io/cucumber/gherkin/26.2.0/gherkin-26.2.0.jar:/Users/ravibabuadari/.m2/repository/io/cucumber/messages/22.0.0/messages-22.0.0.jar:/Users/ravibabuadari/.m2/repository/io/cucumber/tag-expressions/5.0.6/tag-expressions-5.0.6.jar:/Users/ravibabuadari/.m2/repository/io/cucumber/cucumber-expressions/16.1.2/cucumber-expressions-16.1.2.jar:/Users/ravibabuadari/.m2/repository/io/cucumber/datatable/7.14.0/datatable-7.14.0.jar:/Users/ravibabuadari/.m2/repository/io/cucumber/cucumber-plugin/7.14.0/cucumber-plugin-7.14.0.jar:/Users/ravibabuadari/.m2/repository/io/cucumber/docstring/7.14.0/docstring-7.14.0.jar:/Users/ravibabuadari/.m2/repository/io/cucumber/html-formatter/20.4.0/html-formatter-20.4.0.jar:/Users/ravibabuadari/.m2/repository/io/cucumber/junit-xml-formatter/0.2.0/junit-xml-formatter-0.2.0.jar:/Users/ravibabuadari/.m2/repository/io/cucumber/ci-environment/9.2.0/ci-environment-9.2.0.jar:/Users/ravibabuadari/.m2/repository/org/apiguardian/apiguardian-api/1.1.2/apiguardian-api-1.1.2.jar:/Users/ravibabuadari/.m2/repository/io/cucumber/cucumber-testng/7.14.0/cucumber-testng-7.14.0.jar:/Users/ravibabuadari/.m2/repository/org/seleniumhq/selenium/selenium-java/4.16.1/selenium-java-4.16.1.jar:/Users/ravibabuadari/.m2/repository/org/seleniumhq/selenium/selenium-api/4.16.1/selenium-api-4.16.1.jar:/Users/ravibabuadari/.m2/repository/org/seleniumhq/selenium/selenium-chrome-driver/4.16.1/selenium-chrome-driver-4.16.1.jar:/Users/ravibabuadari/.m2/repository/com/google/auto/service/auto-service-annotations/1.1.1/auto-service-annotations-1.1.1.jar:/Users/ravibabuadari/.m2/repository/org/seleniumhq/selenium/selenium-chromium-driver/4.16.1/selenium-chromium-driver-4.16.1.jar:/Users/ravibabuadari/.m2/repository/org/seleniumhq/selenium/selenium-json/4.16.1/selenium-json-4.16.1.jar:/Users/ravibabuadari/.m2/repository/org/seleniumhq/selenium/selenium-manager/4.16.1/selenium-manager-4.16.1.jar:/Users/ravibabuadari/.m2/repository/org/seleniumhq/selenium/selenium-devtools-v118/4.16.1/selenium-devtools-v118-4.16.1.jar:/Users/ravibabuadari/.m2/repository/org/seleniumhq/selenium/selenium-devtools-v119/4.16.1/selenium-devtools-v119-4.16.1.jar:/Users/ravibabuadari/.m2/repository/org/seleniumhq/selenium/selenium-devtools-v120/4.16.1/selenium-devtools-v120-4.16.1.jar:/Users/ravibabuadari/.m2/repository/org/seleniumhq/selenium/selenium-devtools-v85/4.16.1/selenium-devtools-v85-4.16.1.jar:/Users/ravibabuadari/.m2/repository/org/seleniumhq/selenium/selenium-edge-driver/4.16.1/selenium-edge-driver-4.16.1.jar:/Users/ravibabuadari/.m2/repository/org/seleniumhq/selenium/selenium-firefox-driver/4.16.1/selenium-firefox-driver-4.16.1.jar:/Users/ravibabuadari/.m2/repository/org/seleniumhq/selenium/selenium-http/4.16.1/selenium-http-4.16.1.jar:/Users/ravibabuadari/.m2/repository/dev/failsafe/failsafe/3.3.2/failsafe-3.3.2.jar:/Users/ravibabuadari/.m2/repository/org/seleniumhq/selenium/selenium-ie-driver/4.16.1/selenium-ie-driver-4.16.1.jar:/Users/ravibabuadari/.m2/repository/org/seleniumhq/selenium/selenium-remote-driver/4.16.1/selenium-remote-driver-4.16.1.jar:/Users/ravibabuadari/.m2/repository/com/google/guava/guava/32.1.2-jre/guava-32.1.2-jre.jar:/Users/ravibabuadari/.m2/repository/com/google/guava/failureaccess/1.0.1/failureaccess-1.0.1.jar:/Users/ravibabuadari/.m2/repository/com/google/guava/listenablefuture/9999.0-empty-to-avoid-conflict-with-guava/listenablefuture-9999.0-empty-to-avoid-conflict-with-guava.jar:/Users/ravibabuadari/.m2/repository/com/google/code/findbugs/jsr305/3.0.2/jsr305-3.0.2.jar:/Users/ravibabuadari/.m2/repository/org/checkerframework/checker-qual/3.33.0/checker-qual-3.33.0.jar:/Users/ravibabuadari/.m2/repository/com/google/errorprone/error_prone_annotations/2.18.0/error_prone_annotations-2.18.0.jar:/Users/ravibabuadari/.m2/repository/com/google/j2objc/j2objc-annotations/2.8/j2objc-annotations-2.8.jar:/Users/ravibabuadari/.m2/repository/io/opentelemetry/opentelemetry-api/1.28.0/opentelemetry-api-1.28.0.jar:/Users/ravibabuadari/.m2/repository/io/opentelemetry/opentelemetry-context/1.28.0/opentelemetry-context-1.28.0.jar:/Users/ravibabuadari/.m2/repository/io/opentelemetry/opentelemetry-exporter-logging/1.28.0/opentelemetry-exporter-logging-1.28.0.jar:/Users/ravibabuadari/.m2/repository/io/opentelemetry/opentelemetry-sdk-metrics/1.28.0/opentelemetry-sdk-metrics-1.28.0.jar:/Users/ravibabuadari/.m2/repository/io/opentelemetry/opentelemetry-extension-incubator/1.28.0-alpha/opentelemetry-extension-incubator-1.28.0-alpha.jar:/Users/ravibabuadari/.m2/repository/io/opentelemetry/opentelemetry-sdk-logs/1.28.0/opentelemetry-sdk-logs-1.28.0.jar:/Users/ravibabuadari/.m2/repository/io/opentelemetry/opentelemetry-sdk-common/1.28.0/opentelemetry-sdk-common-1.28.0.jar:/Users/ravibabuadari/.m2/repository/io/opentelemetry/opentelemetry-sdk-extension-autoconfigure-spi/1.28.0/opentelemetry-sdk-extension-autoconfigure-spi-1.28.0.jar:/Users/ravibabuadari/.m2/repository/io/opentelemetry/opentelemetry-sdk-extension-autoconfigure/1.28.0/opentelemetry-sdk-extension-autoconfigure-1.28.0.jar:/Users/ravibabuadari/.m2/repository/io/opentelemetry/opentelemetry-api-events/1.28.0-alpha/opentelemetry-api-events-1.28.0-alpha.jar:/Users/ravibabuadari/.m2/repository/io/opentelemetry/opentelemetry-sdk-trace/1.28.0/opentelemetry-sdk-trace-1.28.0.jar:/Users/ravibabuadari/.m2/repository/io/opentelemetry/opentelemetry-sdk/1.28.0/opentelemetry-sdk-1.28.0.jar:/Users/ravibabuadari/.m2/repository/io/opentelemetry/opentelemetry-semconv/1.28.0-alpha/opentelemetry-semconv-1.28.0-alpha.jar:/Users/ravibabuadari/.m2/repository/net/bytebuddy/byte-buddy/1.14.5/byte-buddy-1.14.5.jar:/Users/ravibabuadari/.m2/repository/org/seleniumhq/selenium/selenium-os/4.16.1/selenium-os-4.16.1.jar:/Users/ravibabuadari/.m2/repository/org/apache/commons/commons-exec/1.3/commons-exec-1.3.jar:/Users/ravibabuadari/.m2/repository/org/seleniumhq/selenium/selenium-safari-driver/4.16.1/selenium-safari-driver-4.16.1.jar:/Users/ravibabuadari/.m2/repository/org/seleniumhq/selenium/selenium-support/4.16.1/selenium-support-4.16.1.jar:/Users/ravibabuadari/.m2/repository/commons-io/commons-io/2.11.0/commons-io-2.11.0.jar:/Users/ravibabuadari/.m2/repository/com/github/javafaker/javafaker/1.0.2/javafaker-1.0.2.jar:/Users/ravibabuadari/.m2/repository/org/apache/commons/commons-lang3/3.5/commons-lang3-3.5.jar:/Users/ravibabuadari/.m2/repository/org/yaml/snakeyaml/1.23/snakeyaml-1.23-android.jar:/Users/ravibabuadari/.m2/repository/com/github/mifmif/generex/1.0.2/generex-1.0.2.jar:/Users/ravibabuadari/.m2/repository/dk/brics/automaton/automaton/1.11-8/automaton-1.11-8.jar:/Users/ravibabuadari/.m2/repository/com/aventstack/extentreports/4.1.5/extentreports-4.1.5.jar:/Users/ravibabuadari/.m2/repository/org/freemarker/freemarker/2.3.29/freemarker-2.3.29.jar:/Users/ravibabuadari/.m2/repository/org/apache/httpcomponents/httpclient/4.5.2/httpclient-4.5.2.jar:/Users/ravibabuadari/.m2/repository/org/apache/httpcomponents/httpcore/4.4.4/httpcore-4.4.4.jar:/Users/ravibabuadari/.m2/repository/commons-logging/commons-logging/1.2/commons-logging-1.2.jar:/Users/ravibabuadari/.m2/repository/commons-codec/commons-codec/1.9/commons-codec-1.9.jar:/Users/ravibabuadari/.m2/repository/org/apache/httpcomponents/httpmime/4.5.2/httpmime-4.5.2.jar:/Users/ravibabuadari/.m2/repository/com/google/code/gson/gson/2.8.6/gson-2.8.6.jar:/Users/ravibabuadari/.m2/repository/org/mongodb/mongodb-driver/3.12.0/mongodb-driver-3.12.0.jar:/Users/ravibabuadari/.m2/repository/org/mongodb/mongodb-driver-core/3.12.0/mongodb-driver-core-3.12.0.jar:/Users/ravibabuadari/.m2/repository/org/mongodb/bson/3.12.0/bson-3.12.0.jar:"/>
    <property name="sun.cpu.endian" value="little"/>
    <property name="user.home" value="/Users/ravibabuadari"/>
    <property name="user.language" value="en"/>
    <property name="java.specification.vendor" value="Oracle Corporation"/>
    <property name="java.version.date" value="2023-07-18"/>
    <property name="java.home" value="/Library/Java/JavaVirtualMachines/jdk-20.jdk/Contents/Home"/>
    <property name="file.separator" value="/"/>
    <property name="basedir" value="/Users/ravibabuadari/hht/October2022Batch"/>
    <property name="java.vm.compressedOopsMode" value="Zero based"/>
    <property name="line.separator" value="&#10;"/>
    <property name="java.vm.specification.vendor" value="Oracle Corporation"/>
    <property name="java.specification.name" value="Java Platform API Specification"/>
    <property name="apple.awt.application.name" value="ForkedBooter"/>
    <property name="surefire.real.class.path" value="/Users/ravibabuadari/hht/October2022Batch/target/surefire/surefirebooter-20240214223527284_3.jar"/>
    <property name="sun.management.compiler" value="HotSpot 64-Bit Tiered Compilers"/>
    <property name="ftp.nonProxyHosts" value="local|*.local|169.254/16|*.169.254/16"/>
    <property name="java.runtime.version" value="20.0.2+9-78"/>
    <property name="user.name" value="ravibabuadari"/>
    <property name="stdout.encoding" value="UTF-8"/>
    <property name="path.separator" value=":"/>
    <property name="os.version" value="14.2.1"/>
    <property name="java.runtime.name" value="Java(TM) SE Runtime Environment"/>
    <property name="file.encoding" value="UTF-8"/>
    <property name="java.vm.name" value="Java HotSpot(TM) 64-Bit Server VM"/>
    <property name="localRepository" value="/Users/ravibabuadari/.m2/repository"/>
    <property name="java.vendor.url.bug" value="https://bugreport.java.com/bugreport/"/>
    <property name="java.io.tmpdir" value="/var/folders/7z/gjs34n5d7114khks1lj5zhk80000gn/T/"/>
    <property name="idea.version" value="2022.2.5"/>
    <property name="java.version" value="20.0.2"/>
    <property name="user.dir" value="/Users/ravibabuadari/hht/October2022Batch"/>
    <property name="os.arch" value="aarch64"/>
    <property name="java.vm.specification.name" value="Java Virtual Machine Specification"/>
    <property name="native.encoding" value="UTF-8"/>
    <property name="java.library.path" value="/Users/ravibabuadari/Library/Java/Extensions:/Library/Java/Extensions:/Network/Library/Java/Extensions:/System/Library/Java/Extensions:/usr/lib/java:."/>
    <property name="java.vm.info" value="mixed mode, sharing"/>
    <property name="stderr.encoding" value="UTF-8"/>
    <property name="java.vendor" value="Oracle Corporation"/>
    <property name="java.vm.version" value="20.0.2+9-78"/>
    <property name="sun.io.unicode.encoding" value="UnicodeBig"/>
    <property name="socksNonProxyHosts" value="local|*.local|169.254/16|*.169.254/16"/>
    <property name="java.class.version" value="64.0"/>
  </properties>
  <testcase name="Testcase1" classname="com.ita.tests.JobSeekersExtentReportTestNG" time="0.008">
    <system-out><![CDATA[Extern report
test - onStart - can get iTestContext object
browser type from command prompt ******** : null
]]></system-out>
    <system-err><![CDATA[SLF4J: Failed to load class "org.slf4j.impl.StaticLoggerBinder".
SLF4J: Defaulting to no-operation (NOP) logger implementation
SLF4J: See http://www.slf4j.org/codes.html#StaticLoggerBinder for further details.
Feb 14, 2024 10:35:34 PM org.openqa.selenium.devtools.CdpVersionFinder findNearestMatch
WARNING: Unable to find an exact match for CDP version 121, returning the closest version; found: 120; Please update to a Selenium version that supports CDP version 121
]]></system-err>
  </testcase>
  <testcase name="Testcase2" classname="com.ita.tests.JobSeekersExtentReportTestNG" time="0.001">
    <system-out><![CDATA[browser type from command prompt ******** : null
]]></system-out>
    <system-err><![CDATA[Feb 14, 2024 10:35:42 PM org.openqa.selenium.devtools.CdpVersionFinder findNearestMatch
WARNING: Unable to find an exact match for CDP version 121, returning the closest version; found: 120; Please update to a Selenium version that supports CDP version 121
]]></system-err>
  </testcase>
  <testcase name="verifyJObSeekers" classname="com.ita.tests.JobSeekersExtentReportTestNG" time="6.036">
    <system-out><![CDATA[browser type from command prompt ******** : null
]]></system-out>
    <system-err><![CDATA[Feb 14, 2024 10:35:49 PM org.openqa.selenium.devtools.CdpVersionFinder findNearestMatch
WARNING: Unable to find an exact match for CDP version 121, returning the closest version; found: 120; Please update to a Selenium version that supports CDP version 121
]]></system-err>
  </testcase>
</testsuite>