<?xml version="1.0" encoding="UTF-8"?>
<!-- Generated by org.testng.reporters.JUnitReportReporter -->
<testsuite hostname="Ravibabus-MacBook-Air.local" failures="0" tests="3" name="com.ita.tests.JobSeekersExtentReportTestNG" time="41.354" errors="0" timestamp="2024-03-14T22:06:49 GMT" skipped="0">
  <testcase classname="com.ita.tests.JobSeekersExtentReportTestNG" name="verifyJObSeekers" time="20.016"/>
  <testcase classname="com.ita.tests.JobSeekersExtentReportTestNG" name="Testcase1" time="10.835"/>
  <testcase classname="com.ita.tests.JobSeekersExtentReportTestNG" name="Testcase2" time="10.503"/>
</testsuite> <!-- com.ita.tests.JobSeekersExtentReportTestNG -->
