<?xml version="1.0" encoding="UTF-8"?>
<!-- Generated by org.testng.reporters.JUnitReportReporter -->
<testsuite hostname="Ravibabus-MacBook-Air.local" failures="0" tests="3" name="com.ita.tests.JobSeekersExtentReportTestNG" time="30.609" errors="0" timestamp="2024-02-14T22:35:58 GMT" skipped="0">
  <testcase classname="com.ita.tests.JobSeekersExtentReportTestNG" name="Testcase2" time="9.457"/>
  <testcase classname="com.ita.tests.JobSeekersExtentReportTestNG" name="Testcase1" time="7.599"/>
  <testcase classname="com.ita.tests.JobSeekersExtentReportTestNG" name="verifyJObSeekers" time="13.553"/>
</testsuite> <!-- com.ita.tests.JobSeekersExtentReportTestNG -->
