<?xml version="1.0" encoding="UTF-8"?>
<!-- Generated by org.testng.reporters.JUnitReportReporter -->
<testsuite hostname="hp" failures="0" tests="2" name="HHT_TestRunner" time="47.822" errors="0" timestamp="2024-03-16T22:45:48 IST" skipped="0">
  <testcase classname="HHT_TestRunner" name="runScenario" time="36.016"/>
  <testcase classname="HHT_TestRunner" name="runScenario" time="11.806"/>
</testsuite> <!-- HHT_TestRunner -->
