<?xml version="1.0" encoding="UTF-8"?>
<!-- Generated by org.testng.reporters.JUnitReportReporter -->
<testsuite hostname="Ravibabus-MacBook-Air.local" failures="0" tests="3" name="Jobseekers.JobseekersWorkExperienceTest" time="53.567" errors="0" timestamp="6 May 2023 13:23:18 GMT">
  <testcase classname="Jobseekers.JobseekersWorkExperienceTest" name="profile" time="17.738"/>
  <testcase classname="Jobseekers.JobseekersWorkExperienceTest" name="profile" time="17.957"/>
  <testcase classname="Jobseekers.JobseekersWorkExperienceTest" name="profile" time="17.872"/>
</testsuite> <!-- Jobseekers.JobseekersWorkExperienceTest -->
